   1              		.cpu arm7tdmi
   2              		.fpu softvfp
   3              		.eabi_attribute 20, 1
   4              		.eabi_attribute 21, 1
   5              		.eabi_attribute 23, 3
   6              		.eabi_attribute 24, 1
   7              		.eabi_attribute 25, 1
   8              		.eabi_attribute 26, 1
   9              		.eabi_attribute 30, 6
  10              		.eabi_attribute 18, 4
  11              		.file	"gpio.c"
  21              	.Ltext0:
  22              		.file 1 "../gpio.c"
 1698              		.align	2
 1699              		.global	portB_conf
 1701              	portB_conf:
 1702              	.LFB0:
   1:../gpio.c     **** #include "44b.h"
   2:../gpio.c     **** #include "gpio.h"
   3:../gpio.c     **** 
   4:../gpio.c     **** /* Port B interface implementation */
   5:../gpio.c     **** 
   6:../gpio.c     **** int portB_conf(int pin, enum port_mode mode)
   7:../gpio.c     **** {
 1703              		.loc 1 7 0
 1704              		.cfi_startproc
 1705              		@ Function supports interworking.
 1706              		@ args = 0, pretend = 0, frame = 16
 1707              		@ frame_needed = 1, uses_anonymous_args = 0
 1708 0000 0DC0A0E1 		mov	ip, sp
 1709              	.LCFI0:
 1710              		.cfi_def_cfa_register 12
 1711 0004 00D82DE9 		stmfd	sp!, {fp, ip, lr, pc}
 1712 0008 04B04CE2 		sub	fp, ip, #4
 1713              		.cfi_offset 14, -8
 1714              		.cfi_offset 13, -12
 1715              		.cfi_offset 11, -16
 1716              	.LCFI1:
 1717              		.cfi_def_cfa 11, 4
 1718 000c 10D04DE2 		sub	sp, sp, #16
 1719 0010 18000BE5 		str	r0, [fp, #-24]
 1720 0014 0130A0E1 		mov	r3, r1
 1721 0018 19304BE5 		strb	r3, [fp, #-25]
   8:../gpio.c     **** 	int ret = 0;
 1722              		.loc 1 8 0
 1723 001c 0030A0E3 		mov	r3, #0
 1724 0020 10300BE5 		str	r3, [fp, #-16]
   9:../gpio.c     **** 	if (pin < 0 || pin > 10)
 1725              		.loc 1 9 0
 1726 0024 18301BE5 		ldr	r3, [fp, #-24]
 1727 0028 000053E3 		cmp	r3, #0
 1728 002c 020000BA 		blt	.L2
 1729              		.loc 1 9 0 is_stmt 0 discriminator 1
 1730 0030 18301BE5 		ldr	r3, [fp, #-24]
 1731 0034 0A0053E3 		cmp	r3, #10
 1732 0038 010000DA 		ble	.L3
 1733              	.L2:
  10:../gpio.c     **** 		return -1;
 1734              		.loc 1 10 0 is_stmt 1
 1735 003c 0030E0E3 		mvn	r3, #0
 1736 0040 1B0000EA 		b	.L4
 1737              	.L3:
  11:../gpio.c     **** 
  12:../gpio.c     **** 	if (mode == SIGOUT){
 1738              		.loc 1 12 0
 1739 0044 19305BE5 		ldrb	r3, [fp, #-25]	@ zero_extendqisi2
 1740 0048 020053E3 		cmp	r3, #2
 1741 004c 0800001A 		bne	.L5
  13:../gpio.c     **** 		rPCONB|=(0x1<<pin);
 1742              		.loc 1 13 0
 1743 0050 6C309FE5 		ldr	r3, .L8
 1744 0054 68209FE5 		ldr	r2, .L8
 1745 0058 001092E5 		ldr	r1, [r2, #0]
 1746 005c 0100A0E3 		mov	r0, #1
 1747 0060 18201BE5 		ldr	r2, [fp, #-24]
 1748 0064 1022A0E1 		mov	r2, r0, asl r2
 1749 0068 022081E1 		orr	r2, r1, r2
 1750 006c 002083E5 		str	r2, [r3, #0]
 1751 0070 0E0000EA 		b	.L6
 1752              	.L5:
  14:../gpio.c     **** 		//COMPLETAR: Configurar el pin del puerto B
  15:../gpio.c     **** 		//para que salga la senal correspondiente del controlador de memoria
  16:../gpio.c     **** 
  17:../gpio.c     **** 	}
  18:../gpio.c     **** 	else if (mode == OUTPUT){
 1753              		.loc 1 18 0
 1754 0074 19305BE5 		ldrb	r3, [fp, #-25]	@ zero_extendqisi2
 1755 0078 010053E3 		cmp	r3, #1
 1756 007c 0900001A 		bne	.L7
  19:../gpio.c     **** 		rPCONB&=~(0x1<<pin);
 1757              		.loc 1 19 0
 1758 0080 3C309FE5 		ldr	r3, .L8
 1759 0084 38209FE5 		ldr	r2, .L8
 1760 0088 001092E5 		ldr	r1, [r2, #0]
 1761 008c 0100A0E3 		mov	r0, #1
 1762 0090 18201BE5 		ldr	r2, [fp, #-24]
 1763 0094 1022A0E1 		mov	r2, r0, asl r2
 1764 0098 0220E0E1 		mvn	r2, r2
 1765 009c 022001E0 		and	r2, r1, r2
 1766 00a0 002083E5 		str	r2, [r3, #0]
 1767 00a4 010000EA 		b	.L6
 1768              	.L7:
  20:../gpio.c     **** 		///COMPLETAR: Configurar el pin del puerto B
  21:../gpio.c     **** 		//para que sea de salida
  22:../gpio.c     **** 
  23:../gpio.c     **** 	}
  24:../gpio.c     **** 	else
  25:../gpio.c     **** 		ret = -1;
 1769              		.loc 1 25 0
 1770 00a8 0030E0E3 		mvn	r3, #0
 1771 00ac 10300BE5 		str	r3, [fp, #-16]
 1772              	.L6:
  26:../gpio.c     **** 
  27:../gpio.c     **** 	return ret;
 1773              		.loc 1 27 0
 1774 00b0 10301BE5 		ldr	r3, [fp, #-16]
 1775              	.L4:
  28:../gpio.c     **** }
 1776              		.loc 1 28 0
 1777 00b4 0300A0E1 		mov	r0, r3
 1778 00b8 0CD04BE2 		sub	sp, fp, #12
 1779 00bc 00689DE8 		ldmfd	sp, {fp, sp, lr}
 1780 00c0 1EFF2FE1 		bx	lr
 1781              	.L9:
 1782              		.align	2
 1783              	.L8:
 1784 00c4 0800D201 		.word	30539784
 1785              		.cfi_endproc
 1786              	.LFE0:
 1788              		.align	2
 1789              		.global	portB_write
 1791              	portB_write:
 1792              	.LFB1:
  29:../gpio.c     **** 
  30:../gpio.c     **** int portB_write(int pin, enum digital val)
  31:../gpio.c     **** {
 1793              		.loc 1 31 0
 1794              		.cfi_startproc
 1795              		@ Function supports interworking.
 1796              		@ args = 0, pretend = 0, frame = 8
 1797              		@ frame_needed = 1, uses_anonymous_args = 0
 1798 00c8 0DC0A0E1 		mov	ip, sp
 1799              	.LCFI2:
 1800              		.cfi_def_cfa_register 12
 1801 00cc 00D82DE9 		stmfd	sp!, {fp, ip, lr, pc}
 1802 00d0 04B04CE2 		sub	fp, ip, #4
 1803              		.cfi_offset 14, -8
 1804              		.cfi_offset 13, -12
 1805              		.cfi_offset 11, -16
 1806              	.LCFI3:
 1807              		.cfi_def_cfa 11, 4
 1808 00d4 08D04DE2 		sub	sp, sp, #8
 1809 00d8 10000BE5 		str	r0, [fp, #-16]
 1810 00dc 0130A0E1 		mov	r3, r1
 1811 00e0 11304BE5 		strb	r3, [fp, #-17]
  32:../gpio.c     **** 	if (pin < 0 || pin > 10)
 1812              		.loc 1 32 0
 1813 00e4 10301BE5 		ldr	r3, [fp, #-16]
 1814 00e8 000053E3 		cmp	r3, #0
 1815 00ec 020000BA 		blt	.L11
 1816              		.loc 1 32 0 is_stmt 0 discriminator 1
 1817 00f0 10301BE5 		ldr	r3, [fp, #-16]
 1818 00f4 0A0053E3 		cmp	r3, #10
 1819 00f8 010000DA 		ble	.L12
 1820              	.L11:
  33:../gpio.c     **** 		return -1;
 1821              		.loc 1 33 0 is_stmt 1
 1822 00fc 0030E0E3 		mvn	r3, #0
 1823 0100 1A0000EA 		b	.L13
 1824              	.L12:
  34:../gpio.c     **** 
  35:../gpio.c     **** 	if (val < 0 || val > 1)
 1825              		.loc 1 35 0
 1826 0104 11305BE5 		ldrb	r3, [fp, #-17]	@ zero_extendqisi2
 1827 0108 010053E3 		cmp	r3, #1
 1828 010c 0100009A 		bls	.L14
  36:../gpio.c     **** 		return -1;
 1829              		.loc 1 36 0
 1830 0110 0030E0E3 		mvn	r3, #0
 1831 0114 150000EA 		b	.L13
 1832              	.L14:
  37:../gpio.c     **** 
  38:../gpio.c     **** 	if (val){
 1833              		.loc 1 38 0
 1834 0118 11305BE5 		ldrb	r3, [fp, #-17]	@ zero_extendqisi2
 1835 011c 000053E3 		cmp	r3, #0
 1836 0120 0800000A 		beq	.L15
  39:../gpio.c     **** 		//COMPLETAR: poner en el pin del puerto B
  40:../gpio.c     **** 		//el valor adecuado para que el led se apague
  41:../gpio.c     **** 		rPDATB |=(0x1<<pin);
 1837              		.loc 1 41 0
 1838 0124 54309FE5 		ldr	r3, .L17
 1839 0128 50209FE5 		ldr	r2, .L17
 1840 012c 001092E5 		ldr	r1, [r2, #0]
 1841 0130 0100A0E3 		mov	r0, #1
 1842 0134 10201BE5 		ldr	r2, [fp, #-16]
 1843 0138 1022A0E1 		mov	r2, r0, asl r2
 1844 013c 022081E1 		orr	r2, r1, r2
 1845 0140 002083E5 		str	r2, [r3, #0]
 1846 0144 080000EA 		b	.L16
 1847              	.L15:
  42:../gpio.c     **** 
  43:../gpio.c     **** 	}
  44:../gpio.c     **** 	else{
  45:../gpio.c     **** 		rPDATB &=~(0x1<<pin);
 1848              		.loc 1 45 0
 1849 0148 30309FE5 		ldr	r3, .L17
 1850 014c 2C209FE5 		ldr	r2, .L17
 1851 0150 001092E5 		ldr	r1, [r2, #0]
 1852 0154 0100A0E3 		mov	r0, #1
 1853 0158 10201BE5 		ldr	r2, [fp, #-16]
 1854 015c 1022A0E1 		mov	r2, r0, asl r2
 1855 0160 0220E0E1 		mvn	r2, r2
 1856 0164 022001E0 		and	r2, r1, r2
 1857 0168 002083E5 		str	r2, [r3, #0]
 1858              	.L16:
  46:../gpio.c     **** 		//COMPLETAR: poner en el pin del puerto B
  47:../gpio.c     **** 		//el valor adecuado para que el led se encienda
  48:../gpio.c     **** 
  49:../gpio.c     **** 
  50:../gpio.c     **** 	}
  51:../gpio.c     **** 	return 0;
 1859              		.loc 1 51 0
 1860 016c 0030A0E3 		mov	r3, #0
 1861              	.L13:
  52:../gpio.c     **** }
 1862              		.loc 1 52 0
 1863 0170 0300A0E1 		mov	r0, r3
 1864 0174 0CD04BE2 		sub	sp, fp, #12
 1865 0178 00689DE8 		ldmfd	sp, {fp, sp, lr}
 1866 017c 1EFF2FE1 		bx	lr
 1867              	.L18:
 1868              		.align	2
 1869              	.L17:
 1870 0180 0C00D201 		.word	30539788
 1871              		.cfi_endproc
 1872              	.LFE1:
 1874              		.align	2
 1875              		.global	portG_conf
 1877              	portG_conf:
 1878              	.LFB2:
  53:../gpio.c     **** 
  54:../gpio.c     **** /* Port G interface implementation */
  55:../gpio.c     **** 
  56:../gpio.c     **** int portG_conf(int pin, enum port_mode mode)
  57:../gpio.c     **** {
 1879              		.loc 1 57 0
 1880              		.cfi_startproc
 1881              		@ Function supports interworking.
 1882              		@ args = 0, pretend = 0, frame = 16
 1883              		@ frame_needed = 1, uses_anonymous_args = 0
 1884 0184 0DC0A0E1 		mov	ip, sp
 1885              	.LCFI4:
 1886              		.cfi_def_cfa_register 12
 1887 0188 00D82DE9 		stmfd	sp!, {fp, ip, lr, pc}
 1888 018c 04B04CE2 		sub	fp, ip, #4
 1889              		.cfi_offset 14, -8
 1890              		.cfi_offset 13, -12
 1891              		.cfi_offset 11, -16
 1892              	.LCFI5:
 1893              		.cfi_def_cfa 11, 4
 1894 0190 10D04DE2 		sub	sp, sp, #16
 1895 0194 18000BE5 		str	r0, [fp, #-24]
 1896 0198 0130A0E1 		mov	r3, r1
 1897 019c 19304BE5 		strb	r3, [fp, #-25]
  58:../gpio.c     **** 	//La variable pos indica el primer bit del registro de control del puerto G que corresponde al pin
  59:../gpio.c     **** 	int pos  = pin*2;
 1898              		.loc 1 59 0
 1899 01a0 18301BE5 		ldr	r3, [fp, #-24]
 1900 01a4 8330A0E1 		mov	r3, r3, asl #1
 1901 01a8 10300BE5 		str	r3, [fp, #-16]
  60:../gpio.c     **** 
  61:../gpio.c     **** 	if (pin < 0 || pin > 7)
 1902              		.loc 1 61 0
 1903 01ac 18301BE5 		ldr	r3, [fp, #-24]
 1904 01b0 000053E3 		cmp	r3, #0
 1905 01b4 020000BA 		blt	.L20
 1906              		.loc 1 61 0 is_stmt 0 discriminator 1
 1907 01b8 18301BE5 		ldr	r3, [fp, #-24]
 1908 01bc 070053E3 		cmp	r3, #7
 1909 01c0 010000DA 		ble	.L21
 1910              	.L20:
  62:../gpio.c     **** 		return -1;
 1911              		.loc 1 62 0 is_stmt 1
 1912 01c4 0030E0E3 		mvn	r3, #0
 1913 01c8 4A0000EA 		b	.L22
 1914              	.L21:
  63:../gpio.c     **** 
  64:../gpio.c     **** 	switch (mode) {
 1915              		.loc 1 64 0
 1916 01cc 19305BE5 		ldrb	r3, [fp, #-25]	@ zero_extendqisi2
 1917 01d0 030053E3 		cmp	r3, #3
 1918 01d4 03F19F97 		ldrls	pc, [pc, r3, asl #2]
 1919 01d8 430000EA 		b	.L23
 1920              	.L28:
 1921 01dc EC010000 		.word	.L24
 1922 01e0 14020000 		.word	.L25
 1923 01e4 5C020000 		.word	.L26
 1924 01e8 A4020000 		.word	.L27
 1925              	.L24:
  65:../gpio.c     **** 		case INPUT:
  66:../gpio.c     **** 
  67:../gpio.c     **** 			//COMPLETAR: Configurar el pin del puerto G
  68:../gpio.c     **** 			//para que sea de entrada
  69:../gpio.c     **** 			rPCONG &= ~(0x3<<pos);
 1926              		.loc 1 69 0
 1927 01ec 14319FE5 		ldr	r3, .L30
 1928 01f0 10219FE5 		ldr	r2, .L30
 1929 01f4 001092E5 		ldr	r1, [r2, #0]
 1930 01f8 0300A0E3 		mov	r0, #3
 1931 01fc 10201BE5 		ldr	r2, [fp, #-16]
 1932 0200 1022A0E1 		mov	r2, r0, asl r2
 1933 0204 0220E0E1 		mvn	r2, r2
 1934 0208 022001E0 		and	r2, r1, r2
 1935 020c 002083E5 		str	r2, [r3, #0]
  70:../gpio.c     **** 
  71:../gpio.c     **** 			break;
 1936              		.loc 1 71 0
 1937 0210 370000EA 		b	.L29
 1938              	.L25:
  72:../gpio.c     **** 		case OUTPUT:
  73:../gpio.c     **** 			//COMPLETAR: Configurar el pin del puerto G
  74:../gpio.c     **** 			//para que sea de salida
  75:../gpio.c     **** 			rPCONG &= ~(0x3<<pos);
 1939              		.loc 1 75 0
 1940 0214 EC309FE5 		ldr	r3, .L30
 1941 0218 E8209FE5 		ldr	r2, .L30
 1942 021c 001092E5 		ldr	r1, [r2, #0]
 1943 0220 0300A0E3 		mov	r0, #3
 1944 0224 10201BE5 		ldr	r2, [fp, #-16]
 1945 0228 1022A0E1 		mov	r2, r0, asl r2
 1946 022c 0220E0E1 		mvn	r2, r2
 1947 0230 022001E0 		and	r2, r1, r2
 1948 0234 002083E5 		str	r2, [r3, #0]
  76:../gpio.c     **** 			rPCONG |= (0x1<<pos);
 1949              		.loc 1 76 0
 1950 0238 C8309FE5 		ldr	r3, .L30
 1951 023c C4209FE5 		ldr	r2, .L30
 1952 0240 001092E5 		ldr	r1, [r2, #0]
 1953 0244 0100A0E3 		mov	r0, #1
 1954 0248 10201BE5 		ldr	r2, [fp, #-16]
 1955 024c 1022A0E1 		mov	r2, r0, asl r2
 1956 0250 022081E1 		orr	r2, r1, r2
 1957 0254 002083E5 		str	r2, [r3, #0]
  77:../gpio.c     **** 
  78:../gpio.c     **** 			break;
 1958              		.loc 1 78 0
 1959 0258 250000EA 		b	.L29
 1960              	.L26:
  79:../gpio.c     **** 		case SIGOUT:
  80:../gpio.c     **** 			//COMPLETAR: Configurar el pin del puerto G
  81:../gpio.c     **** 			//para que salga la señal interna correspondiente
  82:../gpio.c     **** 			rPCONG &= ~(0x3<<pos);
 1961              		.loc 1 82 0
 1962 025c A4309FE5 		ldr	r3, .L30
 1963 0260 A0209FE5 		ldr	r2, .L30
 1964 0264 001092E5 		ldr	r1, [r2, #0]
 1965 0268 0300A0E3 		mov	r0, #3
 1966 026c 10201BE5 		ldr	r2, [fp, #-16]
 1967 0270 1022A0E1 		mov	r2, r0, asl r2
 1968 0274 0220E0E1 		mvn	r2, r2
 1969 0278 022001E0 		and	r2, r1, r2
 1970 027c 002083E5 		str	r2, [r3, #0]
  83:../gpio.c     **** 			rPCONG|= (0x2<<pos);
 1971              		.loc 1 83 0
 1972 0280 80309FE5 		ldr	r3, .L30
 1973 0284 7C209FE5 		ldr	r2, .L30
 1974 0288 001092E5 		ldr	r1, [r2, #0]
 1975 028c 0200A0E3 		mov	r0, #2
 1976 0290 10201BE5 		ldr	r2, [fp, #-16]
 1977 0294 1022A0E1 		mov	r2, r0, asl r2
 1978 0298 022081E1 		orr	r2, r1, r2
 1979 029c 002083E5 		str	r2, [r3, #0]
  84:../gpio.c     **** 
  85:../gpio.c     **** 			break;
 1980              		.loc 1 85 0
 1981 02a0 130000EA 		b	.L29
 1982              	.L27:
  86:../gpio.c     **** 		case EINT:
  87:../gpio.c     **** 			//COMPLETAR: Configurar el pin del puerto G
  88:../gpio.c     **** 			//para habilitar la generación de interrupciones externas
  89:../gpio.c     **** 			rPCONG &= ~(0x3 << pos);
 1983              		.loc 1 89 0
 1984 02a4 5C309FE5 		ldr	r3, .L30
 1985 02a8 58209FE5 		ldr	r2, .L30
 1986 02ac 001092E5 		ldr	r1, [r2, #0]
 1987 02b0 0300A0E3 		mov	r0, #3
 1988 02b4 10201BE5 		ldr	r2, [fp, #-16]
 1989 02b8 1022A0E1 		mov	r2, r0, asl r2
 1990 02bc 0220E0E1 		mvn	r2, r2
 1991 02c0 022001E0 		and	r2, r1, r2
 1992 02c4 002083E5 		str	r2, [r3, #0]
  90:../gpio.c     **** 			rPCONG |= (0x3 << pos);
 1993              		.loc 1 90 0
 1994 02c8 38309FE5 		ldr	r3, .L30
 1995 02cc 34209FE5 		ldr	r2, .L30
 1996 02d0 001092E5 		ldr	r1, [r2, #0]
 1997 02d4 0300A0E3 		mov	r0, #3
 1998 02d8 10201BE5 		ldr	r2, [fp, #-16]
 1999 02dc 1022A0E1 		mov	r2, r0, asl r2
 2000 02e0 022081E1 		orr	r2, r1, r2
 2001 02e4 002083E5 		str	r2, [r3, #0]
  91:../gpio.c     **** 
  92:../gpio.c     **** 			break;
 2002              		.loc 1 92 0
 2003 02e8 010000EA 		b	.L29
 2004              	.L23:
  93:../gpio.c     **** 		default:
  94:../gpio.c     **** 			return -1;
 2005              		.loc 1 94 0
 2006 02ec 0030E0E3 		mvn	r3, #0
 2007 02f0 000000EA 		b	.L22
 2008              	.L29:
  95:../gpio.c     **** 	}
  96:../gpio.c     **** 
  97:../gpio.c     **** 	return 0;
 2009              		.loc 1 97 0
 2010 02f4 0030A0E3 		mov	r3, #0
 2011              	.L22:
  98:../gpio.c     **** }
 2012              		.loc 1 98 0
 2013 02f8 0300A0E1 		mov	r0, r3
 2014 02fc 0CD04BE2 		sub	sp, fp, #12
 2015 0300 00689DE8 		ldmfd	sp, {fp, sp, lr}
 2016 0304 1EFF2FE1 		bx	lr
 2017              	.L31:
 2018              		.align	2
 2019              	.L30:
 2020 0308 4000D201 		.word	30539840
 2021              		.cfi_endproc
 2022              	.LFE2:
 2024              		.align	2
 2025              		.global	portG_eint_trig
 2027              	portG_eint_trig:
 2028              	.LFB3:
  99:../gpio.c     **** 
 100:../gpio.c     **** int portG_eint_trig(int pin, enum trigger trig)
 101:../gpio.c     **** {
 2029              		.loc 1 101 0
 2030              		.cfi_startproc
 2031              		@ Function supports interworking.
 2032              		@ args = 0, pretend = 0, frame = 16
 2033              		@ frame_needed = 1, uses_anonymous_args = 0
 2034 030c 0DC0A0E1 		mov	ip, sp
 2035              	.LCFI6:
 2036              		.cfi_def_cfa_register 12
 2037 0310 00D82DE9 		stmfd	sp!, {fp, ip, lr, pc}
 2038 0314 04B04CE2 		sub	fp, ip, #4
 2039              		.cfi_offset 14, -8
 2040              		.cfi_offset 13, -12
 2041              		.cfi_offset 11, -16
 2042              	.LCFI7:
 2043              		.cfi_def_cfa 11, 4
 2044 0318 10D04DE2 		sub	sp, sp, #16
 2045 031c 18000BE5 		str	r0, [fp, #-24]
 2046 0320 0130A0E1 		mov	r3, r1
 2047 0324 19304BE5 		strb	r3, [fp, #-25]
 102:../gpio.c     **** 	//La variable pos indica el primer bit del registro EXTINT del puerto G que corresponde al pin
 103:../gpio.c     **** 	int pos = pin*4;
 2048              		.loc 1 103 0
 2049 0328 18301BE5 		ldr	r3, [fp, #-24]
 2050 032c 0331A0E1 		mov	r3, r3, asl #2
 2051 0330 10300BE5 		str	r3, [fp, #-16]
 104:../gpio.c     **** 
 105:../gpio.c     **** 	if (pin < 0 || pin > 7)
 2052              		.loc 1 105 0
 2053 0334 18301BE5 		ldr	r3, [fp, #-24]
 2054 0338 000053E3 		cmp	r3, #0
 2055 033c 020000BA 		blt	.L33
 2056              		.loc 1 105 0 is_stmt 0 discriminator 1
 2057 0340 18301BE5 		ldr	r3, [fp, #-24]
 2058 0344 070053E3 		cmp	r3, #7
 2059 0348 010000DA 		ble	.L34
 2060              	.L33:
 106:../gpio.c     **** 		return -1;
 2061              		.loc 1 106 0 is_stmt 1
 2062 034c 0030E0E3 		mvn	r3, #0
 2063 0350 5D0000EA 		b	.L35
 2064              	.L34:
 107:../gpio.c     **** 
 108:../gpio.c     **** 	switch (trig) {
 2065              		.loc 1 108 0
 2066 0354 19305BE5 		ldrb	r3, [fp, #-25]	@ zero_extendqisi2
 2067 0358 040053E3 		cmp	r3, #4
 2068 035c 03F19F97 		ldrls	pc, [pc, r3, asl #2]
 2069 0360 560000EA 		b	.L36
 2070              	.L42:
 2071 0364 78030000 		.word	.L37
 2072 0368 A0030000 		.word	.L38
 2073 036c E8030000 		.word	.L39
 2074 0370 30040000 		.word	.L40
 2075 0374 78040000 		.word	.L41
 2076              	.L37:
 109:../gpio.c     **** 		case LLOW:
 110:../gpio.c     **** 			// COMPLETAR: configurar el pin del puerto G para que genere interrupciones externas por nivel b
 111:../gpio.c     **** 			rEXTINT &= ~(0x7<<pos);
 2077              		.loc 1 111 0
 2078 0378 5C319FE5 		ldr	r3, .L44
 2079 037c 58219FE5 		ldr	r2, .L44
 2080 0380 001092E5 		ldr	r1, [r2, #0]
 2081 0384 0700A0E3 		mov	r0, #7
 2082 0388 10201BE5 		ldr	r2, [fp, #-16]
 2083 038c 1022A0E1 		mov	r2, r0, asl r2
 2084 0390 0220E0E1 		mvn	r2, r2
 2085 0394 022001E0 		and	r2, r1, r2
 2086 0398 002083E5 		str	r2, [r3, #0]
 112:../gpio.c     **** 			break;
 2087              		.loc 1 112 0
 2088 039c 490000EA 		b	.L43
 2089              	.L38:
 113:../gpio.c     **** 		case LHIGH:
 114:../gpio.c     **** 			// COMPLETAR: configurar el pin del puerto G para que genere interrupciones externas por nivel a
 115:../gpio.c     **** 			rEXTINT &= ~(0x7<<pos);
 2090              		.loc 1 115 0
 2091 03a0 34319FE5 		ldr	r3, .L44
 2092 03a4 30219FE5 		ldr	r2, .L44
 2093 03a8 001092E5 		ldr	r1, [r2, #0]
 2094 03ac 0700A0E3 		mov	r0, #7
 2095 03b0 10201BE5 		ldr	r2, [fp, #-16]
 2096 03b4 1022A0E1 		mov	r2, r0, asl r2
 2097 03b8 0220E0E1 		mvn	r2, r2
 2098 03bc 022001E0 		and	r2, r1, r2
 2099 03c0 002083E5 		str	r2, [r3, #0]
 116:../gpio.c     **** 			rEXTINT|= (0x1<<pos);
 2100              		.loc 1 116 0
 2101 03c4 10319FE5 		ldr	r3, .L44
 2102 03c8 0C219FE5 		ldr	r2, .L44
 2103 03cc 001092E5 		ldr	r1, [r2, #0]
 2104 03d0 0100A0E3 		mov	r0, #1
 2105 03d4 10201BE5 		ldr	r2, [fp, #-16]
 2106 03d8 1022A0E1 		mov	r2, r0, asl r2
 2107 03dc 022081E1 		orr	r2, r1, r2
 2108 03e0 002083E5 		str	r2, [r3, #0]
 117:../gpio.c     **** 
 118:../gpio.c     **** 			break;
 2109              		.loc 1 118 0
 2110 03e4 370000EA 		b	.L43
 2111              	.L39:
 119:../gpio.c     **** 		case FALLING:
 120:../gpio.c     **** 			// COMPLETAR: configurar el pin del puerto G para que el pin genere interrupciones externas por 
 121:../gpio.c     **** 			rEXTINT &= ~(0x7<<pos);
 2112              		.loc 1 121 0
 2113 03e8 EC309FE5 		ldr	r3, .L44
 2114 03ec E8209FE5 		ldr	r2, .L44
 2115 03f0 001092E5 		ldr	r1, [r2, #0]
 2116 03f4 0700A0E3 		mov	r0, #7
 2117 03f8 10201BE5 		ldr	r2, [fp, #-16]
 2118 03fc 1022A0E1 		mov	r2, r0, asl r2
 2119 0400 0220E0E1 		mvn	r2, r2
 2120 0404 022001E0 		and	r2, r1, r2
 2121 0408 002083E5 		str	r2, [r3, #0]
 122:../gpio.c     **** 			rEXTINT|= (0x2<<pos);
 2122              		.loc 1 122 0
 2123 040c C8309FE5 		ldr	r3, .L44
 2124 0410 C4209FE5 		ldr	r2, .L44
 2125 0414 001092E5 		ldr	r1, [r2, #0]
 2126 0418 0200A0E3 		mov	r0, #2
 2127 041c 10201BE5 		ldr	r2, [fp, #-16]
 2128 0420 1022A0E1 		mov	r2, r0, asl r2
 2129 0424 022081E1 		orr	r2, r1, r2
 2130 0428 002083E5 		str	r2, [r3, #0]
 123:../gpio.c     **** 
 124:../gpio.c     **** 			break;
 2131              		.loc 1 124 0
 2132 042c 250000EA 		b	.L43
 2133              	.L40:
 125:../gpio.c     **** 		case RISING:
 126:../gpio.c     **** 			// COMPLETAR: configurar el pin del puerto G para que el pin genere interrupciones externas por 
 127:../gpio.c     **** 			rEXTINT &= ~(0x7<<pos);
 2134              		.loc 1 127 0
 2135 0430 A4309FE5 		ldr	r3, .L44
 2136 0434 A0209FE5 		ldr	r2, .L44
 2137 0438 001092E5 		ldr	r1, [r2, #0]
 2138 043c 0700A0E3 		mov	r0, #7
 2139 0440 10201BE5 		ldr	r2, [fp, #-16]
 2140 0444 1022A0E1 		mov	r2, r0, asl r2
 2141 0448 0220E0E1 		mvn	r2, r2
 2142 044c 022001E0 		and	r2, r1, r2
 2143 0450 002083E5 		str	r2, [r3, #0]
 128:../gpio.c     **** 			rEXTINT |= (0x4<<pos);
 2144              		.loc 1 128 0
 2145 0454 80309FE5 		ldr	r3, .L44
 2146 0458 7C209FE5 		ldr	r2, .L44
 2147 045c 001092E5 		ldr	r1, [r2, #0]
 2148 0460 0400A0E3 		mov	r0, #4
 2149 0464 10201BE5 		ldr	r2, [fp, #-16]
 2150 0468 1022A0E1 		mov	r2, r0, asl r2
 2151 046c 022081E1 		orr	r2, r1, r2
 2152 0470 002083E5 		str	r2, [r3, #0]
 129:../gpio.c     **** 
 130:../gpio.c     **** 			break;
 2153              		.loc 1 130 0
 2154 0474 130000EA 		b	.L43
 2155              	.L41:
 131:../gpio.c     **** 		case EDGE:
 132:../gpio.c     **** 			// COMPLETAR: configurar el pin del puerto G para que el pin genere interrupciones externas por 
 133:../gpio.c     **** 			rEXTINT &= ~(0x7<<pos);
 2156              		.loc 1 133 0
 2157 0478 5C309FE5 		ldr	r3, .L44
 2158 047c 58209FE5 		ldr	r2, .L44
 2159 0480 001092E5 		ldr	r1, [r2, #0]
 2160 0484 0700A0E3 		mov	r0, #7
 2161 0488 10201BE5 		ldr	r2, [fp, #-16]
 2162 048c 1022A0E1 		mov	r2, r0, asl r2
 2163 0490 0220E0E1 		mvn	r2, r2
 2164 0494 022001E0 		and	r2, r1, r2
 2165 0498 002083E5 		str	r2, [r3, #0]
 134:../gpio.c     **** 			rEXTINT |= (0x6<<pos);
 2166              		.loc 1 134 0
 2167 049c 38309FE5 		ldr	r3, .L44
 2168 04a0 34209FE5 		ldr	r2, .L44
 2169 04a4 001092E5 		ldr	r1, [r2, #0]
 2170 04a8 0600A0E3 		mov	r0, #6
 2171 04ac 10201BE5 		ldr	r2, [fp, #-16]
 2172 04b0 1022A0E1 		mov	r2, r0, asl r2
 2173 04b4 022081E1 		orr	r2, r1, r2
 2174 04b8 002083E5 		str	r2, [r3, #0]
 135:../gpio.c     **** 
 136:../gpio.c     **** 			break;
 2175              		.loc 1 136 0
 2176 04bc 010000EA 		b	.L43
 2177              	.L36:
 137:../gpio.c     **** 		default:
 138:../gpio.c     **** 			return -1;
 2178              		.loc 1 138 0
 2179 04c0 0030E0E3 		mvn	r3, #0
 2180 04c4 000000EA 		b	.L35
 2181              	.L43:
 139:../gpio.c     **** 	}
 140:../gpio.c     **** 	return 0;
 2182              		.loc 1 140 0
 2183 04c8 0030A0E3 		mov	r3, #0
 2184              	.L35:
 141:../gpio.c     **** }
 2185              		.loc 1 141 0
 2186 04cc 0300A0E1 		mov	r0, r3
 2187 04d0 0CD04BE2 		sub	sp, fp, #12
 2188 04d4 00689DE8 		ldmfd	sp, {fp, sp, lr}
 2189 04d8 1EFF2FE1 		bx	lr
 2190              	.L45:
 2191              		.align	2
 2192              	.L44:
 2193 04dc 5000D201 		.word	30539856
 2194              		.cfi_endproc
 2195              	.LFE3:
 2197              		.align	2
 2198              		.global	portG_read
 2200              	portG_read:
 2201              	.LFB4:
 142:../gpio.c     **** 
 143:../gpio.c     **** 
 144:../gpio.c     **** int portG_read(int pin, enum digital* val)
 145:../gpio.c     **** {
 2202              		.loc 1 145 0
 2203              		.cfi_startproc
 2204              		@ Function supports interworking.
 2205              		@ args = 0, pretend = 0, frame = 16
 2206              		@ frame_needed = 1, uses_anonymous_args = 0
 2207 04e0 0DC0A0E1 		mov	ip, sp
 2208              	.LCFI8:
 2209              		.cfi_def_cfa_register 12
 2210 04e4 00D82DE9 		stmfd	sp!, {fp, ip, lr, pc}
 2211 04e8 04B04CE2 		sub	fp, ip, #4
 2212              		.cfi_offset 14, -8
 2213              		.cfi_offset 13, -12
 2214              		.cfi_offset 11, -16
 2215              	.LCFI9:
 2216              		.cfi_def_cfa 11, 4
 2217 04ec 10D04DE2 		sub	sp, sp, #16
 2218 04f0 18000BE5 		str	r0, [fp, #-24]
 2219 04f4 1C100BE5 		str	r1, [fp, #-28]
 146:../gpio.c     **** 	int pos = pin*2;
 2220              		.loc 1 146 0
 2221 04f8 18301BE5 		ldr	r3, [fp, #-24]
 2222 04fc 8330A0E1 		mov	r3, r3, asl #1
 2223 0500 10300BE5 		str	r3, [fp, #-16]
 147:../gpio.c     **** 
 148:../gpio.c     **** 	if (pin < 0 || pin > 7)
 2224              		.loc 1 148 0
 2225 0504 18301BE5 		ldr	r3, [fp, #-24]
 2226 0508 000053E3 		cmp	r3, #0
 2227 050c 020000BA 		blt	.L47
 2228              		.loc 1 148 0 is_stmt 0 discriminator 1
 2229 0510 18301BE5 		ldr	r3, [fp, #-24]
 2230 0514 070053E3 		cmp	r3, #7
 2231 0518 010000DA 		ble	.L48
 2232              	.L47:
 149:../gpio.c     **** 		return -1;
 2233              		.loc 1 149 0 is_stmt 1
 2234 051c 0030E0E3 		mvn	r3, #0
 2235 0520 190000EA 		b	.L49
 2236              	.L48:
 150:../gpio.c     **** 
 151:../gpio.c     **** 	if (rPCONG & (0x3 << pos))
 2237              		.loc 1 151 0
 2238 0524 70309FE5 		ldr	r3, .L53
 2239 0528 002093E5 		ldr	r2, [r3, #0]
 2240 052c 0310A0E3 		mov	r1, #3
 2241 0530 10301BE5 		ldr	r3, [fp, #-16]
 2242 0534 1133A0E1 		mov	r3, r1, asl r3
 2243 0538 033002E0 		and	r3, r2, r3
 2244 053c 000053E3 		cmp	r3, #0
 2245 0540 0100000A 		beq	.L50
 152:../gpio.c     **** 		return -1;
 2246              		.loc 1 152 0
 2247 0544 0030E0E3 		mvn	r3, #0
 2248 0548 0F0000EA 		b	.L49
 2249              	.L50:
 153:../gpio.c     **** 	//COMPLETAR la condicion del if: comprobar si el pin del registro de datos del puerto G es un 1)
 154:../gpio.c     **** 
 155:../gpio.c     **** 		if (rPDATG & (0x1 << pin))
 2250              		.loc 1 155 0
 2251 054c 4C309FE5 		ldr	r3, .L53+4
 2252 0550 002093E5 		ldr	r2, [r3, #0]
 2253 0554 0110A0E3 		mov	r1, #1
 2254 0558 18301BE5 		ldr	r3, [fp, #-24]
 2255 055c 1133A0E1 		mov	r3, r1, asl r3
 2256 0560 033002E0 		and	r3, r2, r3
 2257 0564 000053E3 		cmp	r3, #0
 2258 0568 0300000A 		beq	.L51
 156:../gpio.c     **** 			*val=HIGH;
 2259              		.loc 1 156 0
 2260 056c 1C301BE5 		ldr	r3, [fp, #-28]
 2261 0570 0120A0E3 		mov	r2, #1
 2262 0574 0020C3E5 		strb	r2, [r3, #0]
 2263 0578 020000EA 		b	.L52
 2264              	.L51:
 157:../gpio.c     **** 		else
 158:../gpio.c     **** 			*val=LOW;
 2265              		.loc 1 158 0
 2266 057c 1C301BE5 		ldr	r3, [fp, #-28]
 2267 0580 0020A0E3 		mov	r2, #0
 2268 0584 0020C3E5 		strb	r2, [r3, #0]
 2269              	.L52:
 159:../gpio.c     **** 
 160:../gpio.c     **** 	return 0;
 2270              		.loc 1 160 0
 2271 0588 0030A0E3 		mov	r3, #0
 2272              	.L49:
 161:../gpio.c     **** }
 2273              		.loc 1 161 0
 2274 058c 0300A0E1 		mov	r0, r3
 2275 0590 0CD04BE2 		sub	sp, fp, #12
 2276 0594 00689DE8 		ldmfd	sp, {fp, sp, lr}
 2277 0598 1EFF2FE1 		bx	lr
 2278              	.L54:
 2279              		.align	2
 2280              	.L53:
 2281 059c 4000D201 		.word	30539840
 2282 05a0 4400D201 		.word	30539844
 2283              		.cfi_endproc
 2284              	.LFE4:
 2286              		.align	2
 2287              		.global	portG_conf_pup
 2289              	portG_conf_pup:
 2290              	.LFB5:
 162:../gpio.c     **** 
 163:../gpio.c     **** int portG_conf_pup(int pin, enum enable st)
 164:../gpio.c     **** {
 2291              		.loc 1 164 0
 2292              		.cfi_startproc
 2293              		@ Function supports interworking.
 2294              		@ args = 0, pretend = 0, frame = 8
 2295              		@ frame_needed = 1, uses_anonymous_args = 0
 2296 05a4 0DC0A0E1 		mov	ip, sp
 2297              	.LCFI10:
 2298              		.cfi_def_cfa_register 12
 2299 05a8 00D82DE9 		stmfd	sp!, {fp, ip, lr, pc}
 2300 05ac 04B04CE2 		sub	fp, ip, #4
 2301              		.cfi_offset 14, -8
 2302              		.cfi_offset 13, -12
 2303              		.cfi_offset 11, -16
 2304              	.LCFI11:
 2305              		.cfi_def_cfa 11, 4
 2306 05b0 08D04DE2 		sub	sp, sp, #8
 2307 05b4 10000BE5 		str	r0, [fp, #-16]
 2308 05b8 0130A0E1 		mov	r3, r1
 2309 05bc 11304BE5 		strb	r3, [fp, #-17]
 165:../gpio.c     **** 	if (pin < 0 || pin > 7)
 2310              		.loc 1 165 0
 2311 05c0 10301BE5 		ldr	r3, [fp, #-16]
 2312 05c4 000053E3 		cmp	r3, #0
 2313 05c8 020000BA 		blt	.L56
 2314              		.loc 1 165 0 is_stmt 0 discriminator 1
 2315 05cc 10301BE5 		ldr	r3, [fp, #-16]
 2316 05d0 070053E3 		cmp	r3, #7
 2317 05d4 010000DA 		ble	.L57
 2318              	.L56:
 166:../gpio.c     **** 		return -1;
 2319              		.loc 1 166 0 is_stmt 1
 2320 05d8 0030E0E3 		mvn	r3, #0
 2321 05dc 1D0000EA 		b	.L58
 2322              	.L57:
 167:../gpio.c     **** 
 168:../gpio.c     **** 	if (st != ENABLE && st != DISABLE)
 2323              		.loc 1 168 0
 2324 05e0 11305BE5 		ldrb	r3, [fp, #-17]	@ zero_extendqisi2
 2325 05e4 010053E3 		cmp	r3, #1
 2326 05e8 0400000A 		beq	.L59
 2327              		.loc 1 168 0 is_stmt 0 discriminator 1
 2328 05ec 11305BE5 		ldrb	r3, [fp, #-17]	@ zero_extendqisi2
 2329 05f0 000053E3 		cmp	r3, #0
 2330 05f4 0100000A 		beq	.L59
 169:../gpio.c     **** 		return -1;
 2331              		.loc 1 169 0 is_stmt 1
 2332 05f8 0030E0E3 		mvn	r3, #0
 2333 05fc 150000EA 		b	.L58
 2334              	.L59:
 170:../gpio.c     **** 
 171:../gpio.c     **** 	if (st == ENABLE){
 2335              		.loc 1 171 0
 2336 0600 11305BE5 		ldrb	r3, [fp, #-17]	@ zero_extendqisi2
 2337 0604 010053E3 		cmp	r3, #1
 2338 0608 0900001A 		bne	.L60
 172:../gpio.c     **** 		rPUPG&=~(0x1<<pin);
 2339              		.loc 1 172 0
 2340 060c 54309FE5 		ldr	r3, .L62
 2341 0610 50209FE5 		ldr	r2, .L62
 2342 0614 001092E5 		ldr	r1, [r2, #0]
 2343 0618 0100A0E3 		mov	r0, #1
 2344 061c 10201BE5 		ldr	r2, [fp, #-16]
 2345 0620 1022A0E1 		mov	r2, r0, asl r2
 2346 0624 0220E0E1 		mvn	r2, r2
 2347 0628 022001E0 		and	r2, r1, r2
 2348 062c 002083E5 		str	r2, [r3, #0]
 2349 0630 070000EA 		b	.L61
 2350              	.L60:
 173:../gpio.c     **** 		//COMPLETAR: activar la resistencia de pull-up del pin del puerto G
 174:../gpio.c     **** 
 175:../gpio.c     **** 	}
 176:../gpio.c     **** 	else{
 177:../gpio.c     **** 		rPUPG|=(0x1<<pin);
 2351              		.loc 1 177 0
 2352 0634 2C309FE5 		ldr	r3, .L62
 2353 0638 28209FE5 		ldr	r2, .L62
 2354 063c 001092E5 		ldr	r1, [r2, #0]
 2355 0640 0100A0E3 		mov	r0, #1
 2356 0644 10201BE5 		ldr	r2, [fp, #-16]
 2357 0648 1022A0E1 		mov	r2, r0, asl r2
 2358 064c 022081E1 		orr	r2, r1, r2
 2359 0650 002083E5 		str	r2, [r3, #0]
 2360              	.L61:
 178:../gpio.c     **** 		//COMPLETAR: desactivar la resistencia de pull-up del pin del puerto G
 179:../gpio.c     **** 
 180:../gpio.c     **** 	}
 181:../gpio.c     **** 	return 0;
 2361              		.loc 1 181 0
 2362 0654 0030A0E3 		mov	r3, #0
 2363              	.L58:
 182:../gpio.c     **** }
 2364              		.loc 1 182 0
 2365 0658 0300A0E1 		mov	r0, r3
 2366 065c 0CD04BE2 		sub	sp, fp, #12
 2367 0660 00689DE8 		ldmfd	sp, {fp, sp, lr}
 2368 0664 1EFF2FE1 		bx	lr
 2369              	.L63:
 2370              		.align	2
 2371              	.L62:
 2372 0668 4800D201 		.word	30539848
 2373              		.cfi_endproc
 2374              	.LFE5:
 2376              		.align	2
 2377              		.global	portG_write
 2379              	portG_write:
 2380              	.LFB6:
 183:../gpio.c     **** 
 184:../gpio.c     **** 
 185:../gpio.c     **** int portG_write(int pin, enum digital val)
 186:../gpio.c     **** {
 2381              		.loc 1 186 0
 2382              		.cfi_startproc
 2383              		@ Function supports interworking.
 2384              		@ args = 0, pretend = 0, frame = 16
 2385              		@ frame_needed = 1, uses_anonymous_args = 0
 2386 066c 0DC0A0E1 		mov	ip, sp
 2387              	.LCFI12:
 2388              		.cfi_def_cfa_register 12
 2389 0670 00D82DE9 		stmfd	sp!, {fp, ip, lr, pc}
 2390 0674 04B04CE2 		sub	fp, ip, #4
 2391              		.cfi_offset 14, -8
 2392              		.cfi_offset 13, -12
 2393              		.cfi_offset 11, -16
 2394              	.LCFI13:
 2395              		.cfi_def_cfa 11, 4
 2396 0678 10D04DE2 		sub	sp, sp, #16
 2397 067c 18000BE5 		str	r0, [fp, #-24]
 2398 0680 0130A0E1 		mov	r3, r1
 2399 0684 19304BE5 		strb	r3, [fp, #-25]
 187:../gpio.c     **** 	int pos = pin*2;
 2400              		.loc 1 187 0
 2401 0688 18301BE5 		ldr	r3, [fp, #-24]
 2402 068c 8330A0E1 		mov	r3, r3, asl #1
 2403 0690 10300BE5 		str	r3, [fp, #-16]
 188:../gpio.c     **** 
 189:../gpio.c     **** 	if (pin < 0 || pin > 7)
 2404              		.loc 1 189 0
 2405 0694 18301BE5 		ldr	r3, [fp, #-24]
 2406 0698 000053E3 		cmp	r3, #0
 2407 069c 020000BA 		blt	.L65
 2408              		.loc 1 189 0 is_stmt 0 discriminator 1
 2409 06a0 18301BE5 		ldr	r3, [fp, #-24]
 2410 06a4 070053E3 		cmp	r3, #7
 2411 06a8 010000DA 		ble	.L66
 2412              	.L65:
 190:../gpio.c     **** 		return -1;
 2413              		.loc 1 190 0 is_stmt 1
 2414 06ac 0030E0E3 		mvn	r3, #0
 2415 06b0 270000EA 		b	.L67
 2416              	.L66:
 191:../gpio.c     **** 
 192:../gpio.c     **** 	if (val < 0 || val > 1)
 2417              		.loc 1 192 0
 2418 06b4 19305BE5 		ldrb	r3, [fp, #-25]	@ zero_extendqisi2
 2419 06b8 010053E3 		cmp	r3, #1
 2420 06bc 0100009A 		bls	.L68
 193:../gpio.c     **** 		return -1;
 2421              		.loc 1 193 0
 2422 06c0 0030E0E3 		mvn	r3, #0
 2423 06c4 220000EA 		b	.L67
 2424              	.L68:
 194:../gpio.c     **** 
 195:../gpio.c     **** 	if ((rPCONG & (0x3 << pos)) != (0x1 << pos))
 2425              		.loc 1 195 0
 2426 06c8 94309FE5 		ldr	r3, .L72
 2427 06cc 002093E5 		ldr	r2, [r3, #0]
 2428 06d0 0310A0E3 		mov	r1, #3
 2429 06d4 10301BE5 		ldr	r3, [fp, #-16]
 2430 06d8 1133A0E1 		mov	r3, r1, asl r3
 2431 06dc 032002E0 		and	r2, r2, r3
 2432 06e0 0110A0E3 		mov	r1, #1
 2433 06e4 10301BE5 		ldr	r3, [fp, #-16]
 2434 06e8 1133A0E1 		mov	r3, r1, asl r3
 2435 06ec 030052E1 		cmp	r2, r3
 2436 06f0 0100000A 		beq	.L69
 196:../gpio.c     **** 		return -1;
 2437              		.loc 1 196 0
 2438 06f4 0030E0E3 		mvn	r3, #0
 2439 06f8 150000EA 		b	.L67
 2440              	.L69:
 197:../gpio.c     **** 
 198:../gpio.c     **** 	if (val)
 2441              		.loc 1 198 0
 2442 06fc 19305BE5 		ldrb	r3, [fp, #-25]	@ zero_extendqisi2
 2443 0700 000053E3 		cmp	r3, #0
 2444 0704 0800000A 		beq	.L70
 199:../gpio.c     **** 		rPDATG|=(0x1<<pin);
 2445              		.loc 1 199 0
 2446 0708 58309FE5 		ldr	r3, .L72+4
 2447 070c 54209FE5 		ldr	r2, .L72+4
 2448 0710 001092E5 		ldr	r1, [r2, #0]
 2449 0714 0100A0E3 		mov	r0, #1
 2450 0718 18201BE5 		ldr	r2, [fp, #-24]
 2451 071c 1022A0E1 		mov	r2, r0, asl r2
 2452 0720 022081E1 		orr	r2, r1, r2
 2453 0724 002083E5 		str	r2, [r3, #0]
 2454 0728 080000EA 		b	.L71
 2455              	.L70:
 200:../gpio.c     **** 	else
 201:../gpio.c     **** 		rPDATG &=~(0x1<<pin);
 2456              		.loc 1 201 0
 2457 072c 34309FE5 		ldr	r3, .L72+4
 2458 0730 30209FE5 		ldr	r2, .L72+4
 2459 0734 001092E5 		ldr	r1, [r2, #0]
 2460 0738 0100A0E3 		mov	r0, #1
 2461 073c 18201BE5 		ldr	r2, [fp, #-24]
 2462 0740 1022A0E1 		mov	r2, r0, asl r2
 2463 0744 0220E0E1 		mvn	r2, r2
 2464 0748 022001E0 		and	r2, r1, r2
 2465 074c 002083E5 		str	r2, [r3, #0]
 2466              	.L71:
 202:../gpio.c     **** 
 203:../gpio.c     **** 	return 0;
 2467              		.loc 1 203 0
 2468 0750 0030A0E3 		mov	r3, #0
 2469              	.L67:
 204:../gpio.c     **** }
 2470              		.loc 1 204 0
 2471 0754 0300A0E1 		mov	r0, r3
 2472 0758 0CD04BE2 		sub	sp, fp, #12
 2473 075c 00689DE8 		ldmfd	sp, {fp, sp, lr}
 2474 0760 1EFF2FE1 		bx	lr
 2475              	.L73:
 2476              		.align	2
 2477              	.L72:
 2478 0764 4000D201 		.word	30539840
 2479 0768 4400D201 		.word	30539844
 2480              		.cfi_endproc
 2481              	.LFE6:
 2483              	.Letext0:
DEFINED SYMBOLS
                            *ABS*:00000000 gpio.c
C:\Users\USUARI~1\AppData\Local\Temp\ccnCwFC7.s:1698   .text:00000000 $a
C:\Users\USUARI~1\AppData\Local\Temp\ccnCwFC7.s:1701   .text:00000000 portB_conf
C:\Users\USUARI~1\AppData\Local\Temp\ccnCwFC7.s:1784   .text:000000c4 $d
C:\Users\USUARI~1\AppData\Local\Temp\ccnCwFC7.s:1788   .text:000000c8 $a
C:\Users\USUARI~1\AppData\Local\Temp\ccnCwFC7.s:1791   .text:000000c8 portB_write
C:\Users\USUARI~1\AppData\Local\Temp\ccnCwFC7.s:1870   .text:00000180 $d
C:\Users\USUARI~1\AppData\Local\Temp\ccnCwFC7.s:1874   .text:00000184 $a
C:\Users\USUARI~1\AppData\Local\Temp\ccnCwFC7.s:1877   .text:00000184 portG_conf
C:\Users\USUARI~1\AppData\Local\Temp\ccnCwFC7.s:1921   .text:000001dc $d
C:\Users\USUARI~1\AppData\Local\Temp\ccnCwFC7.s:1927   .text:000001ec $a
C:\Users\USUARI~1\AppData\Local\Temp\ccnCwFC7.s:2020   .text:00000308 $d
C:\Users\USUARI~1\AppData\Local\Temp\ccnCwFC7.s:2024   .text:0000030c $a
C:\Users\USUARI~1\AppData\Local\Temp\ccnCwFC7.s:2027   .text:0000030c portG_eint_trig
C:\Users\USUARI~1\AppData\Local\Temp\ccnCwFC7.s:2071   .text:00000364 $d
C:\Users\USUARI~1\AppData\Local\Temp\ccnCwFC7.s:2078   .text:00000378 $a
C:\Users\USUARI~1\AppData\Local\Temp\ccnCwFC7.s:2193   .text:000004dc $d
C:\Users\USUARI~1\AppData\Local\Temp\ccnCwFC7.s:2197   .text:000004e0 $a
C:\Users\USUARI~1\AppData\Local\Temp\ccnCwFC7.s:2200   .text:000004e0 portG_read
C:\Users\USUARI~1\AppData\Local\Temp\ccnCwFC7.s:2281   .text:0000059c $d
C:\Users\USUARI~1\AppData\Local\Temp\ccnCwFC7.s:2286   .text:000005a4 $a
C:\Users\USUARI~1\AppData\Local\Temp\ccnCwFC7.s:2289   .text:000005a4 portG_conf_pup
C:\Users\USUARI~1\AppData\Local\Temp\ccnCwFC7.s:2372   .text:00000668 $d
C:\Users\USUARI~1\AppData\Local\Temp\ccnCwFC7.s:2376   .text:0000066c $a
C:\Users\USUARI~1\AppData\Local\Temp\ccnCwFC7.s:2379   .text:0000066c portG_write
C:\Users\USUARI~1\AppData\Local\Temp\ccnCwFC7.s:2478   .text:00000764 $d
                     .debug_frame:00000010 $d

NO UNDEFINED SYMBOLS
