   1              		.cpu arm7tdmi
   2              		.fpu softvfp
   3              		.eabi_attribute 20, 1
   4              		.eabi_attribute 21, 1
   5              		.eabi_attribute 23, 3
   6              		.eabi_attribute 24, 1
   7              		.eabi_attribute 25, 1
   8              		.eabi_attribute 26, 1
   9              		.eabi_attribute 30, 6
  10              		.eabi_attribute 18, 4
  11              		.file	"dma.c"
  21              	.Ltext0:
  22              		.file 1 "../dma.c"
 1879              		.align	2
 1880              		.global	zdma0_init
 1882              	zdma0_init:
 1883              	.LFB0:
   1:../dma.c      **** #include "44b.h"
   2:../dma.c      **** #include "44blib.h"
   3:../dma.c      **** #include "dma.h"
   4:../dma.c      **** 
   5:../dma.c      **** void zdma0_init( void )
   6:../dma.c      **** {
 1884              		.loc 1 6 0
 1885              		.cfi_startproc
 1886              		@ Function supports interworking.
 1887              		@ args = 0, pretend = 0, frame = 0
 1888              		@ frame_needed = 1, uses_anonymous_args = 0
 1889 0000 0DC0A0E1 		mov	ip, sp
 1890              	.LCFI0:
 1891              		.cfi_def_cfa_register 12
 1892 0004 00D82DE9 		stmfd	sp!, {fp, ip, lr, pc}
 1893 0008 04B04CE2 		sub	fp, ip, #4
 1894              		.cfi_offset 14, -8
 1895              		.cfi_offset 13, -12
 1896              		.cfi_offset 11, -16
 1897              	.LCFI1:
 1898              		.cfi_def_cfa 11, 4
   7:../dma.c      **** 	rZDCON0  = 0;
 1899              		.loc 1 7 0
 1900 000c 7A37A0E3 		mov	r3, #31981568
 1901 0010 0020A0E3 		mov	r2, #0
 1902 0014 002083E5 		str	r2, [r3, #0]
   8:../dma.c      **** 	rZDISRC0 = 0;
 1903              		.loc 1 8 0
 1904 0018 28309FE5 		ldr	r3, .L2
 1905 001c 0020A0E3 		mov	r2, #0
 1906 0020 002083E5 		str	r2, [r3, #0]
   9:../dma.c      **** 	rZDIDES0 = 0;
 1907              		.loc 1 9 0
 1908 0024 20309FE5 		ldr	r3, .L2+4
 1909 0028 0020A0E3 		mov	r2, #0
 1910 002c 002083E5 		str	r2, [r3, #0]
  10:../dma.c      **** 	rZDICNT0 = 0;
 1911              		.loc 1 10 0
 1912 0030 18309FE5 		ldr	r3, .L2+8
 1913 0034 0020A0E3 		mov	r2, #0
 1914 0038 002083E5 		str	r2, [r3, #0]
  11:../dma.c      **** }
 1915              		.loc 1 11 0
 1916 003c 0CD04BE2 		sub	sp, fp, #12
 1917 0040 00689DE8 		ldmfd	sp, {fp, sp, lr}
 1918 0044 1EFF2FE1 		bx	lr
 1919              	.L3:
 1920              		.align	2
 1921              	.L2:
 1922 0048 0400E801 		.word	31981572
 1923 004c 0800E801 		.word	31981576
 1924 0050 0C00E801 		.word	31981580
 1925              		.cfi_endproc
 1926              	.LFE0:
 1928              		.align	2
 1929              		.global	putImageDMA
 1931              	putImageDMA:
 1932              	.LFB1:
  12:../dma.c      **** 
  13:../dma.c      **** 
  14:../dma.c      **** void putImageDMA( unsigned int imgDir )
  15:../dma.c      **** {
 1933              		.loc 1 15 0
 1934              		.cfi_startproc
 1935              		@ Function supports interworking.
 1936              		@ args = 0, pretend = 0, frame = 8
 1937              		@ frame_needed = 1, uses_anonymous_args = 0
 1938 0054 0DC0A0E1 		mov	ip, sp
 1939              	.LCFI2:
 1940              		.cfi_def_cfa_register 12
 1941 0058 00D82DE9 		stmfd	sp!, {fp, ip, lr, pc}
 1942 005c 04B04CE2 		sub	fp, ip, #4
 1943              		.cfi_offset 14, -8
 1944              		.cfi_offset 13, -12
 1945              		.cfi_offset 11, -16
 1946              	.LCFI3:
 1947              		.cfi_def_cfa 11, 4
 1948 0060 08D04DE2 		sub	sp, sp, #8
 1949 0064 10000BE5 		str	r0, [fp, #-16]
  16:../dma.c      **** 	rZDISRC0 = (2 << 30) | (1 << 28) | imgDir;					    // datos de 32b, dirección post-incrementada
 1950              		.loc 1 16 0
 1951 0068 38309FE5 		ldr	r3, .L5
 1952 006c 10201BE5 		ldr	r2, [fp, #-16]
 1953 0070 092282E3 		orr	r2, r2, #-1879048192
 1954 0074 002083E5 		str	r2, [r3, #0]
  17:../dma.c      **** 	rZDIDES0 = (2 << 30) | (1 << 28) | (unsigned int) 0x0c200000;	// recomendada, dirección post-incre
 1955              		.loc 1 17 0
 1956 0078 2C309FE5 		ldr	r3, .L5+4
 1957 007c 2C209FE5 		ldr	r2, .L5+8
 1958 0080 002083E5 		str	r2, [r3, #0]
  18:../dma.c      **** 	rZDICNT0 = (2 << 28) | (1 << 26) | (1 << 20) | 0x9600; 	        // whole service, unit transfer, p
 1959              		.loc 1 18 0
 1960 0084 28309FE5 		ldr	r3, .L5+12
 1961 0088 28209FE5 		ldr	r2, .L5+16
 1962 008c 002083E5 		str	r2, [r3, #0]
  19:../dma.c      **** 	rZDCON0  = 1;											        // start DMA
 1963              		.loc 1 19 0
 1964 0090 7A37A0E3 		mov	r3, #31981568
 1965 0094 0120A0E3 		mov	r2, #1
 1966 0098 002083E5 		str	r2, [r3, #0]
  20:../dma.c      **** }
 1967              		.loc 1 20 0
 1968 009c 0CD04BE2 		sub	sp, fp, #12
 1969 00a0 00689DE8 		ldmfd	sp, {fp, sp, lr}
 1970 00a4 1EFF2FE1 		bx	lr
 1971              	.L6:
 1972              		.align	2
 1973              	.L5:
 1974 00a8 0400E801 		.word	31981572
 1975 00ac 0800E801 		.word	31981576
 1976 00b0 0000209C 		.word	-1675624448
 1977 00b4 0C00E801 		.word	31981580
 1978 00b8 00961024 		.word	605066752
 1979              		.cfi_endproc
 1980              	.LFE1:
 1982              	.Letext0:
DEFINED SYMBOLS
                            *ABS*:00000000 dma.c
C:\Users\USUARI~1\AppData\Local\Temp\ccZX5Jpl.s:1879   .text:00000000 $a
C:\Users\USUARI~1\AppData\Local\Temp\ccZX5Jpl.s:1882   .text:00000000 zdma0_init
C:\Users\USUARI~1\AppData\Local\Temp\ccZX5Jpl.s:1922   .text:00000048 $d
C:\Users\USUARI~1\AppData\Local\Temp\ccZX5Jpl.s:1928   .text:00000054 $a
C:\Users\USUARI~1\AppData\Local\Temp\ccZX5Jpl.s:1931   .text:00000054 putImageDMA
C:\Users\USUARI~1\AppData\Local\Temp\ccZX5Jpl.s:1974   .text:000000a8 $d
                     .debug_frame:00000010 $d

NO UNDEFINED SYMBOLS
