   1              		.cpu arm7tdmi
   2              		.fpu softvfp
   3              		.eabi_attribute 20, 1
   4              		.eabi_attribute 21, 1
   5              		.eabi_attribute 23, 3
   6              		.eabi_attribute 24, 1
   7              		.eabi_attribute 25, 1
   8              		.eabi_attribute 26, 1
   9              		.eabi_attribute 30, 6
  10              		.eabi_attribute 18, 4
  11              		.file	"leds.c"
  21              	.Ltext0:
  22              		.file 1 "../leds.c"
 1791              		.align	2
 1792              	status:
 1793 0000 00000000 		.space	4
 1794              		.text
 1795              		.align	2
 1796              		.global	leds_init
 1798              	leds_init:
 1799              	.LFB0:
   1:../leds.c     **** /*-------------------------------------------------------------------
   2:../leds.c     **** **
   3:../leds.c     **** **  Fichero:
   4:../leds.c     **** **    leds.c  10/6/2014
   5:../leds.c     **** **
   6:../leds.c     **** **    Estructura de Computadores
   7:../leds.c     **** **    Dpto. de Arquitectura de Computadores y Automática
   8:../leds.c     **** **    Facultad de Informática. Universidad Complutense de Madrid
   9:../leds.c     **** **
  10:../leds.c     **** **  Propósito:
  11:../leds.c     **** **    Contiene las implementaciones de las funciones
  12:../leds.c     **** **    para el acceso a los leds de la placa de prototipado
  13:../leds.c     **** **
  14:../leds.c     **** **  Notas de diseño:
  15:../leds.c     **** **    Equivale al fichero homónimo usado en Fundamentos de Computadores 
  16:../leds.c     **** **
  17:../leds.c     **** **-----------------------------------------------------------------*/
  18:../leds.c     **** 
  19:../leds.c     **** #include "44b.h"
  20:../leds.c     **** #include "leds.h"
  21:../leds.c     **** 
  22:../leds.c     **** // Mascaras de bits
  23:../leds.c     **** #define LED1 0x01
  24:../leds.c     **** #define LED2 0x02
  25:../leds.c     **** #define BIT_LED1 (0x1 << 9)
  26:../leds.c     **** #define BIT_LED2 (0x1 << 10)
  27:../leds.c     **** 
  28:../leds.c     **** // status representa el estado de los leds
  29:../leds.c     **** // sólo tienen sentido los dos bites menos
  30:../leds.c     **** // significativos, cada uno para un led
  31:../leds.c     **** // 1 encendido y 0 apagado
  32:../leds.c     **** static unsigned int status = 0;
  33:../leds.c     **** 
  34:../leds.c     **** void leds_init( void )
  35:../leds.c     **** {
 1800              		.loc 1 35 0
 1801              		.cfi_startproc
 1802              		@ Function supports interworking.
 1803              		@ args = 0, pretend = 0, frame = 0
 1804              		@ frame_needed = 1, uses_anonymous_args = 0
 1805 0000 0DC0A0E1 		mov	ip, sp
 1806              	.LCFI0:
 1807              		.cfi_def_cfa_register 12
 1808 0004 00D82DE9 		stmfd	sp!, {fp, ip, lr, pc}
 1809 0008 04B04CE2 		sub	fp, ip, #4
 1810              		.cfi_offset 14, -8
 1811              		.cfi_offset 13, -12
 1812              		.cfi_offset 11, -16
 1813              	.LCFI1:
 1814              		.cfi_def_cfa 11, 4
  36:../leds.c     **** 	rPCONB = 0x1ff;
 1815              		.loc 1 36 0
 1816 000c 20309FE5 		ldr	r3, .L2
 1817 0010 20209FE5 		ldr	r2, .L2+4
 1818 0014 002083E5 		str	r2, [r3, #0]
  37:../leds.c     **** 	leds_display( status );
 1819              		.loc 1 37 0
 1820 0018 1C309FE5 		ldr	r3, .L2+8
 1821 001c 003093E5 		ldr	r3, [r3, #0]
 1822 0020 0300A0E1 		mov	r0, r3
 1823 0024 FEFFFFEB 		bl	leds_display
  38:../leds.c     **** }
 1824              		.loc 1 38 0
 1825 0028 0CD04BE2 		sub	sp, fp, #12
 1826 002c 00689DE8 		ldmfd	sp, {fp, sp, lr}
 1827 0030 1EFF2FE1 		bx	lr
 1828              	.L3:
 1829              		.align	2
 1830              	.L2:
 1831 0034 0800D201 		.word	30539784
 1832 0038 FF010000 		.word	511
 1833 003c 00000000 		.word	status
 1834              		.cfi_endproc
 1835              	.LFE0:
 1837              		.align	2
 1838              		.global	led1_on
 1840              	led1_on:
 1841              	.LFB1:
  39:../leds.c     **** 
  40:../leds.c     **** void led1_on( void )
  41:../leds.c     **** {
 1842              		.loc 1 41 0
 1843              		.cfi_startproc
 1844              		@ Function supports interworking.
 1845              		@ args = 0, pretend = 0, frame = 0
 1846              		@ frame_needed = 1, uses_anonymous_args = 0
 1847 0040 0DC0A0E1 		mov	ip, sp
 1848              	.LCFI2:
 1849              		.cfi_def_cfa_register 12
 1850 0044 00D82DE9 		stmfd	sp!, {fp, ip, lr, pc}
 1851 0048 04B04CE2 		sub	fp, ip, #4
 1852              		.cfi_offset 14, -8
 1853              		.cfi_offset 13, -12
 1854              		.cfi_offset 11, -16
 1855              	.LCFI3:
 1856              		.cfi_def_cfa 11, 4
  42:../leds.c     **** 	status |=  LED1;
 1857              		.loc 1 42 0
 1858 004c 28309FE5 		ldr	r3, .L5
 1859 0050 003093E5 		ldr	r3, [r3, #0]
 1860 0054 012083E3 		orr	r2, r3, #1
 1861 0058 1C309FE5 		ldr	r3, .L5
 1862 005c 002083E5 		str	r2, [r3, #0]
  43:../leds.c     **** 	leds_display( status );
 1863              		.loc 1 43 0
 1864 0060 14309FE5 		ldr	r3, .L5
 1865 0064 003093E5 		ldr	r3, [r3, #0]
 1866 0068 0300A0E1 		mov	r0, r3
 1867 006c FEFFFFEB 		bl	leds_display
  44:../leds.c     **** }
 1868              		.loc 1 44 0
 1869 0070 0CD04BE2 		sub	sp, fp, #12
 1870 0074 00689DE8 		ldmfd	sp, {fp, sp, lr}
 1871 0078 1EFF2FE1 		bx	lr
 1872              	.L6:
 1873              		.align	2
 1874              	.L5:
 1875 007c 00000000 		.word	status
 1876              		.cfi_endproc
 1877              	.LFE1:
 1879              		.align	2
 1880              		.global	led1_off
 1882              	led1_off:
 1883              	.LFB2:
  45:../leds.c     **** 
  46:../leds.c     **** void led1_off( void )
  47:../leds.c     **** {
 1884              		.loc 1 47 0
 1885              		.cfi_startproc
 1886              		@ Function supports interworking.
 1887              		@ args = 0, pretend = 0, frame = 0
 1888              		@ frame_needed = 1, uses_anonymous_args = 0
 1889 0080 0DC0A0E1 		mov	ip, sp
 1890              	.LCFI4:
 1891              		.cfi_def_cfa_register 12
 1892 0084 00D82DE9 		stmfd	sp!, {fp, ip, lr, pc}
 1893 0088 04B04CE2 		sub	fp, ip, #4
 1894              		.cfi_offset 14, -8
 1895              		.cfi_offset 13, -12
 1896              		.cfi_offset 11, -16
 1897              	.LCFI5:
 1898              		.cfi_def_cfa 11, 4
  48:../leds.c     **** 	status &=  ~LED1;
 1899              		.loc 1 48 0
 1900 008c 28309FE5 		ldr	r3, .L8
 1901 0090 003093E5 		ldr	r3, [r3, #0]
 1902 0094 0120C3E3 		bic	r2, r3, #1
 1903 0098 1C309FE5 		ldr	r3, .L8
 1904 009c 002083E5 		str	r2, [r3, #0]
  49:../leds.c     **** 	leds_display( status );
 1905              		.loc 1 49 0
 1906 00a0 14309FE5 		ldr	r3, .L8
 1907 00a4 003093E5 		ldr	r3, [r3, #0]
 1908 00a8 0300A0E1 		mov	r0, r3
 1909 00ac FEFFFFEB 		bl	leds_display
  50:../leds.c     **** }
 1910              		.loc 1 50 0
 1911 00b0 0CD04BE2 		sub	sp, fp, #12
 1912 00b4 00689DE8 		ldmfd	sp, {fp, sp, lr}
 1913 00b8 1EFF2FE1 		bx	lr
 1914              	.L9:
 1915              		.align	2
 1916              	.L8:
 1917 00bc 00000000 		.word	status
 1918              		.cfi_endproc
 1919              	.LFE2:
 1921              		.align	2
 1922              		.global	led2_on
 1924              	led2_on:
 1925              	.LFB3:
  51:../leds.c     **** 
  52:../leds.c     **** void led2_on( void )
  53:../leds.c     **** {
 1926              		.loc 1 53 0
 1927              		.cfi_startproc
 1928              		@ Function supports interworking.
 1929              		@ args = 0, pretend = 0, frame = 0
 1930              		@ frame_needed = 1, uses_anonymous_args = 0
 1931 00c0 0DC0A0E1 		mov	ip, sp
 1932              	.LCFI6:
 1933              		.cfi_def_cfa_register 12
 1934 00c4 00D82DE9 		stmfd	sp!, {fp, ip, lr, pc}
 1935 00c8 04B04CE2 		sub	fp, ip, #4
 1936              		.cfi_offset 14, -8
 1937              		.cfi_offset 13, -12
 1938              		.cfi_offset 11, -16
 1939              	.LCFI7:
 1940              		.cfi_def_cfa 11, 4
  54:../leds.c     **** 	status |=  LED2;
 1941              		.loc 1 54 0
 1942 00cc 28309FE5 		ldr	r3, .L11
 1943 00d0 003093E5 		ldr	r3, [r3, #0]
 1944 00d4 022083E3 		orr	r2, r3, #2
 1945 00d8 1C309FE5 		ldr	r3, .L11
 1946 00dc 002083E5 		str	r2, [r3, #0]
  55:../leds.c     **** 	leds_display( status );
 1947              		.loc 1 55 0
 1948 00e0 14309FE5 		ldr	r3, .L11
 1949 00e4 003093E5 		ldr	r3, [r3, #0]
 1950 00e8 0300A0E1 		mov	r0, r3
 1951 00ec FEFFFFEB 		bl	leds_display
  56:../leds.c     **** }
 1952              		.loc 1 56 0
 1953 00f0 0CD04BE2 		sub	sp, fp, #12
 1954 00f4 00689DE8 		ldmfd	sp, {fp, sp, lr}
 1955 00f8 1EFF2FE1 		bx	lr
 1956              	.L12:
 1957              		.align	2
 1958              	.L11:
 1959 00fc 00000000 		.word	status
 1960              		.cfi_endproc
 1961              	.LFE3:
 1963              		.align	2
 1964              		.global	led2_off
 1966              	led2_off:
 1967              	.LFB4:
  57:../leds.c     **** 
  58:../leds.c     **** void led2_off( void )
  59:../leds.c     **** {
 1968              		.loc 1 59 0
 1969              		.cfi_startproc
 1970              		@ Function supports interworking.
 1971              		@ args = 0, pretend = 0, frame = 0
 1972              		@ frame_needed = 1, uses_anonymous_args = 0
 1973 0100 0DC0A0E1 		mov	ip, sp
 1974              	.LCFI8:
 1975              		.cfi_def_cfa_register 12
 1976 0104 00D82DE9 		stmfd	sp!, {fp, ip, lr, pc}
 1977 0108 04B04CE2 		sub	fp, ip, #4
 1978              		.cfi_offset 14, -8
 1979              		.cfi_offset 13, -12
 1980              		.cfi_offset 11, -16
 1981              	.LCFI9:
 1982              		.cfi_def_cfa 11, 4
  60:../leds.c     **** 	status &=  ~LED2;
 1983              		.loc 1 60 0
 1984 010c 28309FE5 		ldr	r3, .L14
 1985 0110 003093E5 		ldr	r3, [r3, #0]
 1986 0114 0220C3E3 		bic	r2, r3, #2
 1987 0118 1C309FE5 		ldr	r3, .L14
 1988 011c 002083E5 		str	r2, [r3, #0]
  61:../leds.c     **** 	leds_display( status );
 1989              		.loc 1 61 0
 1990 0120 14309FE5 		ldr	r3, .L14
 1991 0124 003093E5 		ldr	r3, [r3, #0]
 1992 0128 0300A0E1 		mov	r0, r3
 1993 012c FEFFFFEB 		bl	leds_display
  62:../leds.c     **** }
 1994              		.loc 1 62 0
 1995 0130 0CD04BE2 		sub	sp, fp, #12
 1996 0134 00689DE8 		ldmfd	sp, {fp, sp, lr}
 1997 0138 1EFF2FE1 		bx	lr
 1998              	.L15:
 1999              		.align	2
 2000              	.L14:
 2001 013c 00000000 		.word	status
 2002              		.cfi_endproc
 2003              	.LFE4:
 2005              		.align	2
 2006              		.global	led1_switch
 2008              	led1_switch:
 2009              	.LFB5:
  63:../leds.c     **** 
  64:../leds.c     **** void led1_switch( void )
  65:../leds.c     **** {
 2010              		.loc 1 65 0
 2011              		.cfi_startproc
 2012              		@ Function supports interworking.
 2013              		@ args = 0, pretend = 0, frame = 0
 2014              		@ frame_needed = 1, uses_anonymous_args = 0
 2015 0140 0DC0A0E1 		mov	ip, sp
 2016              	.LCFI10:
 2017              		.cfi_def_cfa_register 12
 2018 0144 00D82DE9 		stmfd	sp!, {fp, ip, lr, pc}
 2019 0148 04B04CE2 		sub	fp, ip, #4
 2020              		.cfi_offset 14, -8
 2021              		.cfi_offset 13, -12
 2022              		.cfi_offset 11, -16
 2023              	.LCFI11:
 2024              		.cfi_def_cfa 11, 4
  66:../leds.c     **** 	status ^= LED1;
 2025              		.loc 1 66 0
 2026 014c 28309FE5 		ldr	r3, .L17
 2027 0150 003093E5 		ldr	r3, [r3, #0]
 2028 0154 012023E2 		eor	r2, r3, #1
 2029 0158 1C309FE5 		ldr	r3, .L17
 2030 015c 002083E5 		str	r2, [r3, #0]
  67:../leds.c     **** 	leds_display( status );
 2031              		.loc 1 67 0
 2032 0160 14309FE5 		ldr	r3, .L17
 2033 0164 003093E5 		ldr	r3, [r3, #0]
 2034 0168 0300A0E1 		mov	r0, r3
 2035 016c FEFFFFEB 		bl	leds_display
  68:../leds.c     **** }
 2036              		.loc 1 68 0
 2037 0170 0CD04BE2 		sub	sp, fp, #12
 2038 0174 00689DE8 		ldmfd	sp, {fp, sp, lr}
 2039 0178 1EFF2FE1 		bx	lr
 2040              	.L18:
 2041              		.align	2
 2042              	.L17:
 2043 017c 00000000 		.word	status
 2044              		.cfi_endproc
 2045              	.LFE5:
 2047              		.align	2
 2048              		.global	led2_switch
 2050              	led2_switch:
 2051              	.LFB6:
  69:../leds.c     **** 
  70:../leds.c     **** void led2_switch( void )
  71:../leds.c     **** {
 2052              		.loc 1 71 0
 2053              		.cfi_startproc
 2054              		@ Function supports interworking.
 2055              		@ args = 0, pretend = 0, frame = 0
 2056              		@ frame_needed = 1, uses_anonymous_args = 0
 2057 0180 0DC0A0E1 		mov	ip, sp
 2058              	.LCFI12:
 2059              		.cfi_def_cfa_register 12
 2060 0184 00D82DE9 		stmfd	sp!, {fp, ip, lr, pc}
 2061 0188 04B04CE2 		sub	fp, ip, #4
 2062              		.cfi_offset 14, -8
 2063              		.cfi_offset 13, -12
 2064              		.cfi_offset 11, -16
 2065              	.LCFI13:
 2066              		.cfi_def_cfa 11, 4
  72:../leds.c     **** 	status ^= LED2;
 2067              		.loc 1 72 0
 2068 018c 28309FE5 		ldr	r3, .L20
 2069 0190 003093E5 		ldr	r3, [r3, #0]
 2070 0194 022023E2 		eor	r2, r3, #2
 2071 0198 1C309FE5 		ldr	r3, .L20
 2072 019c 002083E5 		str	r2, [r3, #0]
  73:../leds.c     **** 	leds_display( status );
 2073              		.loc 1 73 0
 2074 01a0 14309FE5 		ldr	r3, .L20
 2075 01a4 003093E5 		ldr	r3, [r3, #0]
 2076 01a8 0300A0E1 		mov	r0, r3
 2077 01ac FEFFFFEB 		bl	leds_display
  74:../leds.c     **** }
 2078              		.loc 1 74 0
 2079 01b0 0CD04BE2 		sub	sp, fp, #12
 2080 01b4 00689DE8 		ldmfd	sp, {fp, sp, lr}
 2081 01b8 1EFF2FE1 		bx	lr
 2082              	.L21:
 2083              		.align	2
 2084              	.L20:
 2085 01bc 00000000 		.word	status
 2086              		.cfi_endproc
 2087              	.LFE6:
 2089              		.align	2
 2090              		.global	leds_switch
 2092              	leds_switch:
 2093              	.LFB7:
  75:../leds.c     **** 
  76:../leds.c     **** void leds_switch( void ){
 2094              		.loc 1 76 0
 2095              		.cfi_startproc
 2096              		@ Function supports interworking.
 2097              		@ args = 0, pretend = 0, frame = 0
 2098              		@ frame_needed = 1, uses_anonymous_args = 0
 2099 01c0 0DC0A0E1 		mov	ip, sp
 2100              	.LCFI14:
 2101              		.cfi_def_cfa_register 12
 2102 01c4 00D82DE9 		stmfd	sp!, {fp, ip, lr, pc}
 2103 01c8 04B04CE2 		sub	fp, ip, #4
 2104              		.cfi_offset 14, -8
 2105              		.cfi_offset 13, -12
 2106              		.cfi_offset 11, -16
 2107              	.LCFI15:
 2108              		.cfi_def_cfa 11, 4
  77:../leds.c     **** 	status ^= (LED1 | LED2);
 2109              		.loc 1 77 0
 2110 01cc 28309FE5 		ldr	r3, .L23
 2111 01d0 003093E5 		ldr	r3, [r3, #0]
 2112 01d4 032023E2 		eor	r2, r3, #3
 2113 01d8 1C309FE5 		ldr	r3, .L23
 2114 01dc 002083E5 		str	r2, [r3, #0]
  78:../leds.c     **** 	leds_display( status );
 2115              		.loc 1 78 0
 2116 01e0 14309FE5 		ldr	r3, .L23
 2117 01e4 003093E5 		ldr	r3, [r3, #0]
 2118 01e8 0300A0E1 		mov	r0, r3
 2119 01ec FEFFFFEB 		bl	leds_display
  79:../leds.c     **** }
 2120              		.loc 1 79 0
 2121 01f0 0CD04BE2 		sub	sp, fp, #12
 2122 01f4 00689DE8 		ldmfd	sp, {fp, sp, lr}
 2123 01f8 1EFF2FE1 		bx	lr
 2124              	.L24:
 2125              		.align	2
 2126              	.L23:
 2127 01fc 00000000 		.word	status
 2128              		.cfi_endproc
 2129              	.LFE7:
 2131              		.align	2
 2132              		.global	leds_display
 2134              	leds_display:
 2135              	.LFB8:
  80:../leds.c     **** 
  81:../leds.c     **** void leds_display( unsigned int leds_status )
  82:../leds.c     **** {
 2136              		.loc 1 82 0
 2137              		.cfi_startproc
 2138              		@ Function supports interworking.
 2139              		@ args = 0, pretend = 0, frame = 8
 2140              		@ frame_needed = 1, uses_anonymous_args = 0
 2141 0200 0DC0A0E1 		mov	ip, sp
 2142              	.LCFI16:
 2143              		.cfi_def_cfa_register 12
 2144 0204 00D82DE9 		stmfd	sp!, {fp, ip, lr, pc}
 2145 0208 04B04CE2 		sub	fp, ip, #4
 2146              		.cfi_offset 14, -8
 2147              		.cfi_offset 13, -12
 2148              		.cfi_offset 11, -16
 2149              	.LCFI17:
 2150              		.cfi_def_cfa 11, 4
 2151 020c 08D04DE2 		sub	sp, sp, #8
 2152 0210 10000BE5 		str	r0, [fp, #-16]
  83:../leds.c     **** 	status = leds_status;
 2153              		.loc 1 83 0
 2154 0214 94309FE5 		ldr	r3, .L30
 2155 0218 10201BE5 		ldr	r2, [fp, #-16]
 2156 021c 002083E5 		str	r2, [r3, #0]
  84:../leds.c     **** 	
  85:../leds.c     **** 	// LED 1
  86:../leds.c     **** 	if( status & LED1 )
 2157              		.loc 1 86 0
 2158 0220 88309FE5 		ldr	r3, .L30
 2159 0224 003093E5 		ldr	r3, [r3, #0]
 2160 0228 013003E2 		and	r3, r3, #1
 2161 022c FF3003E2 		and	r3, r3, #255
 2162 0230 000053E3 		cmp	r3, #0
 2163 0234 0500000A 		beq	.L26
  87:../leds.c     **** 		rPDATB &= ~BIT_LED1;
 2164              		.loc 1 87 0
 2165 0238 74309FE5 		ldr	r3, .L30+4
 2166 023c 70209FE5 		ldr	r2, .L30+4
 2167 0240 002092E5 		ldr	r2, [r2, #0]
 2168 0244 022CC2E3 		bic	r2, r2, #512
 2169 0248 002083E5 		str	r2, [r3, #0]
 2170 024c 040000EA 		b	.L27
 2171              	.L26:
  88:../leds.c     **** 	else
  89:../leds.c     **** 		rPDATB |= BIT_LED1;
 2172              		.loc 1 89 0
 2173 0250 5C309FE5 		ldr	r3, .L30+4
 2174 0254 58209FE5 		ldr	r2, .L30+4
 2175 0258 002092E5 		ldr	r2, [r2, #0]
 2176 025c 022C82E3 		orr	r2, r2, #512
 2177 0260 002083E5 		str	r2, [r3, #0]
 2178              	.L27:
  90:../leds.c     **** 
  91:../leds.c     **** 	// LED 2
  92:../leds.c     **** 	if( status & LED2 )
 2179              		.loc 1 92 0
 2180 0264 44309FE5 		ldr	r3, .L30
 2181 0268 003093E5 		ldr	r3, [r3, #0]
 2182 026c 023003E2 		and	r3, r3, #2
 2183 0270 000053E3 		cmp	r3, #0
 2184 0274 0500000A 		beq	.L28
  93:../leds.c     **** 		rPDATB &= ~BIT_LED2;
 2185              		.loc 1 93 0
 2186 0278 34309FE5 		ldr	r3, .L30+4
 2187 027c 30209FE5 		ldr	r2, .L30+4
 2188 0280 002092E5 		ldr	r2, [r2, #0]
 2189 0284 012BC2E3 		bic	r2, r2, #1024
 2190 0288 002083E5 		str	r2, [r3, #0]
 2191 028c 040000EA 		b	.L25
 2192              	.L28:
  94:../leds.c     **** 	else
  95:../leds.c     **** 		rPDATB |= BIT_LED2;
 2193              		.loc 1 95 0
 2194 0290 1C309FE5 		ldr	r3, .L30+4
 2195 0294 18209FE5 		ldr	r2, .L30+4
 2196 0298 002092E5 		ldr	r2, [r2, #0]
 2197 029c 012B82E3 		orr	r2, r2, #1024
 2198 02a0 002083E5 		str	r2, [r3, #0]
 2199              	.L25:
  96:../leds.c     **** }
 2200              		.loc 1 96 0
 2201 02a4 0CD04BE2 		sub	sp, fp, #12
 2202 02a8 00689DE8 		ldmfd	sp, {fp, sp, lr}
 2203 02ac 1EFF2FE1 		bx	lr
 2204              	.L31:
 2205              		.align	2
 2206              	.L30:
 2207 02b0 00000000 		.word	status
 2208 02b4 0C00D201 		.word	30539788
 2209              		.cfi_endproc
 2210              	.LFE8:
 2212              	.Letext0:
DEFINED SYMBOLS
                            *ABS*:00000000 leds.c
C:\Users\USUARI~1\AppData\Local\Temp\ccOeVtLe.s:1791   .bss:00000000 $d
C:\Users\USUARI~1\AppData\Local\Temp\ccOeVtLe.s:1792   .bss:00000000 status
C:\Users\USUARI~1\AppData\Local\Temp\ccOeVtLe.s:1795   .text:00000000 $a
C:\Users\USUARI~1\AppData\Local\Temp\ccOeVtLe.s:1798   .text:00000000 leds_init
C:\Users\USUARI~1\AppData\Local\Temp\ccOeVtLe.s:2134   .text:00000200 leds_display
C:\Users\USUARI~1\AppData\Local\Temp\ccOeVtLe.s:1831   .text:00000034 $d
C:\Users\USUARI~1\AppData\Local\Temp\ccOeVtLe.s:1837   .text:00000040 $a
C:\Users\USUARI~1\AppData\Local\Temp\ccOeVtLe.s:1840   .text:00000040 led1_on
C:\Users\USUARI~1\AppData\Local\Temp\ccOeVtLe.s:1875   .text:0000007c $d
C:\Users\USUARI~1\AppData\Local\Temp\ccOeVtLe.s:1879   .text:00000080 $a
C:\Users\USUARI~1\AppData\Local\Temp\ccOeVtLe.s:1882   .text:00000080 led1_off
C:\Users\USUARI~1\AppData\Local\Temp\ccOeVtLe.s:1917   .text:000000bc $d
C:\Users\USUARI~1\AppData\Local\Temp\ccOeVtLe.s:1921   .text:000000c0 $a
C:\Users\USUARI~1\AppData\Local\Temp\ccOeVtLe.s:1924   .text:000000c0 led2_on
C:\Users\USUARI~1\AppData\Local\Temp\ccOeVtLe.s:1959   .text:000000fc $d
C:\Users\USUARI~1\AppData\Local\Temp\ccOeVtLe.s:1963   .text:00000100 $a
C:\Users\USUARI~1\AppData\Local\Temp\ccOeVtLe.s:1966   .text:00000100 led2_off
C:\Users\USUARI~1\AppData\Local\Temp\ccOeVtLe.s:2001   .text:0000013c $d
C:\Users\USUARI~1\AppData\Local\Temp\ccOeVtLe.s:2005   .text:00000140 $a
C:\Users\USUARI~1\AppData\Local\Temp\ccOeVtLe.s:2008   .text:00000140 led1_switch
C:\Users\USUARI~1\AppData\Local\Temp\ccOeVtLe.s:2043   .text:0000017c $d
C:\Users\USUARI~1\AppData\Local\Temp\ccOeVtLe.s:2047   .text:00000180 $a
C:\Users\USUARI~1\AppData\Local\Temp\ccOeVtLe.s:2050   .text:00000180 led2_switch
C:\Users\USUARI~1\AppData\Local\Temp\ccOeVtLe.s:2085   .text:000001bc $d
C:\Users\USUARI~1\AppData\Local\Temp\ccOeVtLe.s:2089   .text:000001c0 $a
C:\Users\USUARI~1\AppData\Local\Temp\ccOeVtLe.s:2092   .text:000001c0 leds_switch
C:\Users\USUARI~1\AppData\Local\Temp\ccOeVtLe.s:2127   .text:000001fc $d
C:\Users\USUARI~1\AppData\Local\Temp\ccOeVtLe.s:2131   .text:00000200 $a
C:\Users\USUARI~1\AppData\Local\Temp\ccOeVtLe.s:2207   .text:000002b0 $d
                     .debug_frame:00000010 $d

NO UNDEFINED SYMBOLS
